<?xml version="1.0" encoding="UTF-8"?>
<testsuite xmlns:xsi="http://www.w3.org/2001/XMLSchema-instance" xsi:noNamespaceSchemaLocation="https://maven.apache.org/surefire/maven-surefire-plugin/xsd/surefire-test-report-3.0.xsd" version="3.0" name="cl.evaluacion.calculadora.CalculadoraTest" time="0.045" tests="5" errors="0" skipped="0" failures="0">
  <properties>
[...]
</properties>
  <testcase name="Producto con stock disponible en bodega" classname="Consulta de disponibilidad de stock" time="0.085">
    <system-err><![CDATA[sept 18, 2026 12:01:53 P. M. io.cucumber.junit.platform.engine.DiscoverySelectorResolver warnWhenCucumberFeaturesPropertyIsUsed
ADVERTENCIA: Discovering tests using the cucumber.features property. Other discovery selectors are ignored!
Please request/upvote/sponsor/ect better support for JUnit 5 discovery selectors.
See: https://github.com/cucumber/cucumber-jvm/pull/2498
]]></system-err>
  </testcase>
  <testcase name="Example #1.1" classname="Examples" time="0.009"/>
  <testcase name="Example #1.2" classname="Examples" time="0.008"/>
  <testcase name="deberiaSumarDosNumerosCorrectamente" classname="cl.evaluacion.calculadora.CalculadoraTest" time="0.027"/>
  <testcase name="deberiaRestarDosNumerosCorrectamente" classname="cl.evaluacion.calculadora.CalculadoraTest" time="0.001"/>
</testsuite>